22:16:30 **** Incremental Build of configuration Debug for project DungeonCrawler ****
make all 
Building file: ../GameEngine.cpp
Invoking: GCC C++ Compiler
g++ -std=c++0x -O0 -g3 -Wall -c -fmessage-length=0 -MMD -MP -MF"GameEngine.d" -MT"GameEngine.o" -o "GameEngine.o" "../GameEngine.cpp"
../GameEngine.cpp: In Konstruktor »GameEngine::GameEngine(unsigned int, unsigned int, const std::vector<std::basic_string<char> >&)«:
../GameEngine.cpp:11:29: Fehler: keine passende Funktion für Aufruf von »DungeonMap::DungeonMap()«
   const vector<string>& data) {
                             ^
../GameEngine.cpp:11:29: Anmerkung: Kandidaten sind:
In file included from ../GameEngine.h:10:0,
                 from ../GameEngine.cpp:8:
../DungeonMap.h:33:2: Anmerkung: DungeonMap::DungeonMap(unsigned int, unsigned int, const std::vector<std::basic_string<char> >&)
  DungeonMap(const unsigned int height, const unsigned int width,
  ^
../DungeonMap.h:33:2: Anmerkung:   Kandidat erwartet 3 Argumente, 0 angegeben
../DungeonMap.h:32:2: Anmerkung: DungeonMap::DungeonMap(unsigned int, unsigned int)
  DungeonMap(const unsigned int height, const unsigned int width);
  ^
../DungeonMap.h:32:2: Anmerkung:   Kandidat erwartet 2 Argumente, 0 angegeben
../DungeonMap.h:26:2: Anmerkung: DungeonMap::DungeonMap(DungeonMap&)
  DungeonMap(DungeonMap& map); //Nicht implementierter KopierKonstruktor
  ^
../DungeonMap.h:26:2: Anmerkung:   Kandidat erwartet 1 Argument, 0 angegeben
subdir.mk:30: recipe for target 'GameEngine.o' failed
make: *** [GameEngine.o] Error 1

22:16:30 Build Finished (took 209ms)

