23:58:03 **** Incremental Build of configuration Debug for project DungeonCrawler ****
make all 
Building file: ../Character.cpp
Invoking: Cross G++ Compiler
g++ -std=c++0x -O0 -g3 -Wall -c -fmessage-length=0 -MMD -MP -MF"Character.d" -MT"Character.o" -o "Character.o" "../Character.cpp"
Finished building: ../Character.cpp
 
Building file: ../DungeonMap.cpp
Invoking: Cross G++ Compiler
g++ -std=c++0x -O0 -g3 -Wall -c -fmessage-length=0 -MMD -MP -MF"DungeonMap.d" -MT"DungeonMap.o" -o "DungeonMap.o" "../DungeonMap.cpp"
Finished building: ../DungeonMap.cpp
 
Building file: ../GameEngine.cpp
Invoking: Cross G++ Compiler
g++ -std=c++0x -O0 -g3 -Wall -c -fmessage-length=0 -MMD -MP -MF"GameEngine.d" -MT"GameEngine.o" -o "GameEngine.o" "../GameEngine.cpp"
Finished building: ../GameEngine.cpp
 
Building file: ../Tile.cpp
Invoking: Cross G++ Compiler
g++ -std=c++0x -O0 -g3 -Wall -c -fmessage-length=0 -MMD -MP -MF"Tile.d" -MT"Tile.o" -o "Tile.o" "../Tile.cpp"
Finished building: ../Tile.cpp
 
Building file: ../main.cpp
Invoking: Cross G++ Compiler
g++ -std=c++0x -O0 -g3 -Wall -c -fmessage-length=0 -MMD -MP -MF"main.d" -MT"main.o" -o "main.o" "../main.cpp"
Finished building: ../main.cpp
 
Building target: DungeonCrawler
Invoking: Cross G++ Linker
g++  -o "DungeonCrawler"  ./Character.o ./DungeonMap.o ./GameEngine.o ./Tile.o ./main.o   
Finished building target: DungeonCrawler
 
23:58:21 **** Incremental Build of configuration Debug for project Praktikum1 ****
make all 
make: Nothing to be done for 'all'.
23:58:40 **** Incremental Build of configuration Debug for project DungeonCrawler ****
make all 
make: Nothing to be done for 'all'.
