19:49:14 **** Incremental Build of configuration Debug for project Praktikum1ohneTemplate ****
make all 
Building file: ../src/Praktikum1.cpp
Invoking: GCC C++ Compiler
g++ -O0 -g3 -Wall -c -fmessage-length=0 -MMD -MP -MF"src/Praktikum1.d" -MT"src/Praktikum1.o" -o "src/Praktikum1.o" "../src/Praktikum1.cpp"
Finished building: ../src/Praktikum1.cpp
 
Building file: ../src/PrioQueue.cpp
Invoking: GCC C++ Compiler
g++ -O0 -g3 -Wall -c -fmessage-length=0 -MMD -MP -MF"src/PrioQueue.d" -MT"src/PrioQueue.o" -o "src/PrioQueue.o" "../src/PrioQueue.cpp"
Finished building: ../src/PrioQueue.cpp
 
Building file: ../src/Ticket.cpp
Invoking: GCC C++ Compiler
g++ -O0 -g3 -Wall -c -fmessage-length=0 -MMD -MP -MF"src/Ticket.d" -MT"src/Ticket.o" -o "src/Ticket.o" "../src/Ticket.cpp"
Finished building: ../src/Ticket.cpp
 
Building target: Praktikum1ohneTemplate
Invoking: GCC C++ Linker
g++  -o "Praktikum1ohneTemplate"  ./src/Praktikum1.o ./src/PrioQueue.o ./src/Ticket.o   
./src/PrioQueue.o: In function `__gnu_cxx::new_allocator<Ticket>::new_allocator()':
/home/sebastian/workspace/Praktikum1ohneTemplate/Debug/../src/PrioQueue.cpp:10: multiple definition of `Ticket::id_counter'
makefile:45: recipe for target 'Praktikum1ohneTemplate' failed
./src/Praktikum1.o:/home/sebastian/workspace/Praktikum1ohneTemplate/Debug/../src/Praktikum1.cpp:12: first defined here
./src/Ticket.o: In function `Ticket::Ticket()':
/home/sebastian/workspace/Praktikum1ohneTemplate/Debug/../src/Ticket.cpp:10: multiple definition of `Ticket::id_counter'
./src/Praktikum1.o:/home/sebastian/workspace/Praktikum1ohneTemplate/Debug/../src/Praktikum1.cpp:12: first defined here
collect2: Fehler: ld gab 1 als Ende-Status zurück
make: *** [Praktikum1ohneTemplate] Error 1

19:49:15 Build Finished (took 459ms)

